<?xml version="1.0" encoding="UTF-8"?>
<coverage generated="1778867400898" clover="3.2.0">
  <project timestamp="1778867400898" name="All files">
    <metrics statements="12" coveredstatements="10" conditionals="8" coveredconditionals="7" methods="1" coveredmethods="1" elements="21" coveredelements="18" complexity="0" loc="12" ncloc="12" packages="1" files="1" classes="1"/>
    <file name="auth.middleware.js" path="/Users/mmakiy/Documents/GitHub/lyceum25/web/min/backend/src/middleware/auth.middleware.js">
      <metrics statements="12" coveredstatements="10" conditionals="8" coveredconditionals="7" methods="1" coveredmethods="1"/>
      <line num="3" count="1" type="cond" truecount="2" falsecount="0"/>
      <line num="6" count="2" type="stmt"/>
      <line num="7" count="2" type="stmt"/>
      <line num="9" count="2" type="cond" truecount="2" falsecount="0"/>
      <line num="10" count="1" type="stmt"/>
      <line num="15" count="1" type="stmt"/>
      <line num="17" count="1" type="cond" truecount="3" falsecount="1"/>
      <line num="18" count="0" type="stmt"/>
      <line num="23" count="1" type="stmt"/>
      <line num="25" count="1" type="stmt"/>
      <line num="26" count="1" type="stmt"/>
      <line num="28" count="0" type="stmt"/>
    </file>
  </project>
</coverage>
