{"/Users/mmakiy/Documents/GitHub/lyceum25/web/min/backend/src/middleware/auth.middleware.js": {"path":"/Users/mmakiy/Documents/GitHub/lyceum25/web/min/backend/src/middleware/auth.middleware.js","statementMap":{"0":{"start":{"line":3,"column":19},"end":{"line":3,"column":53}},"1":{"start":{"line":6,"column":2},"end":{"line":31,"column":null}},"2":{"start":{"line":7,"column":23},"end":{"line":7,"column":48}},"3":{"start":{"line":9,"column":4},"end":{"line":13,"column":null}},"4":{"start":{"line":10,"column":6},"end":{"line":12,"column":null}},"5":{"start":{"line":15,"column":26},"end":{"line":15,"column":47}},"6":{"start":{"line":17,"column":4},"end":{"line":21,"column":null}},"7":{"start":{"line":18,"column":6},"end":{"line":20,"column":null}},"8":{"start":{"line":23,"column":20},"end":{"line":23,"column":49}},"9":{"start":{"line":25,"column":4},"end":{"line":25,"column":null}},"10":{"start":{"line":26,"column":4},"end":{"line":26,"column":null}},"11":{"start":{"line":28,"column":4},"end":{"line":30,"column":null}}},"fnMap":{"0":{"name":"authMiddleware","decl":{"start":{"line":5,"column":16},"end":{"line":5,"column":30}},"loc":{"start":{"line":5,"column":47},"end":{"line":32,"column":null}},"line":5}},"branchMap":{"0":{"loc":{"start":{"line":3,"column":19},"end":{"line":3,"column":53}},"type":"binary-expr","locations":[{"start":{"line":3,"column":19},"end":{"line":3,"column":41}},{"start":{"line":3,"column":45},"end":{"line":3,"column":53}}],"line":3},"1":{"loc":{"start":{"line":9,"column":4},"end":{"line":13,"column":null}},"type":"if","locations":[{"start":{"line":9,"column":4},"end":{"line":13,"column":null}},{"start":{},"end":{}}],"line":9},"2":{"loc":{"start":{"line":17,"column":4},"end":{"line":21,"column":null}},"type":"if","locations":[{"start":{"line":17,"column":4},"end":{"line":21,"column":null}},{"start":{},"end":{}}],"line":17},"3":{"loc":{"start":{"line":17,"column":8},"end":{"line":17,"column":35}},"type":"binary-expr","locations":[{"start":{"line":17,"column":8},"end":{"line":17,"column":25}},{"start":{"line":17,"column":29},"end":{"line":17,"column":35}}],"line":17}},"s":{"0":1,"1":2,"2":2,"3":2,"4":1,"5":1,"6":1,"7":0,"8":1,"9":1,"10":1,"11":0},"f":{"0":2},"b":{"0":[1,1],"1":[1,1],"2":[0,1],"3":[1,1]},"meta":{"lastBranch":4,"lastFunction":1,"lastStatement":12,"seen":{"s:3:19:3:53":0,"b:3:19:3:41:3:45:3:53":0,"f:5:16:5:30":0,"s:6:2:31:Infinity":1,"s:7:23:7:48":2,"b:9:4:13:Infinity:undefined:undefined:undefined:undefined":1,"s:9:4:13:Infinity":3,"s:10:6:12:Infinity":4,"s:15:26:15:47":5,"b:17:4:21:Infinity:undefined:undefined:undefined:undefined":2,"s:17:4:21:Infinity":6,"b:17:8:17:25:17:29:17:35":3,"s:18:6:20:Infinity":7,"s:23:20:23:49":8,"s:25:4:25:Infinity":9,"s:26:4:26:Infinity":10,"s:28:4:30:Infinity":11}}}
}
